<?xml version="1.0" encoding="UTF-8"?>
<!-- Generated by org.testng.reporters.JUnitReportReporter -->
<testsuite hostname="LAPTOP-7FB3PP7D" failures="0" tests="1" name="authentication.DigestiveTest" time="1.339" errors="0" timestamp="2021-12-12T12:53:18 IST" skipped="0">
  <testcase classname="authentication.DigestiveTest" name="digestiveTest" time="1.339"/>
  <system-out/>
</testsuite> <!-- authentication.DigestiveTest -->
