<?xml version="1.0" encoding="UTF-8"?>
<!-- Generated by org.testng.reporters.JUnitReportReporter -->
<testsuite hostname="LAPTOP-7FB3PP7D" failures="0" tests="1" name="crudOperations_Without_BDD.DeleteProjectsTest" time="1.085" errors="0" timestamp="07 Dec 2021 11:27:57 GMT" skipped="0">
  <testcase classname="crudOperations_Without_BDD.DeleteProjectsTest" name="deleteProjectsTest" time="1.085"/>
</testsuite> <!-- crudOperations_Without_BDD.DeleteProjectsTest -->
