<?xml version="1.0" encoding="UTF-8"?>
<!-- Generated by org.testng.reporters.JUnitReportReporter -->
<testsuite hostname="LAPTOP-7FB3PP7D" failures="0" tests="1" name="crudOperations_Without_BDD.CreateTest" time="1.594" errors="0" timestamp="08 Dec 2021 09:57:16 GMT" skipped="0">
  <testcase classname="crudOperations_Without_BDD.CreateTest" name="createTest" time="1.594"/>
</testsuite> <!-- crudOperations_Without_BDD.CreateTest -->
