<?xml version="1.0" encoding="UTF-8"?>
<!-- Generated by org.testng.reporters.JUnitReportReporter -->
<testsuite hostname="LAPTOP-7FB3PP7D" failures="0" tests="1" name="authentication.Oauth2_Test" time="2.531" errors="0" timestamp="2021-12-16T14:29:17 IST" skipped="0">
  <testcase classname="authentication.Oauth2_Test" name="oauth2Test" time="2.531"/>
  <system-out/>
</testsuite> <!-- authentication.Oauth2_Test -->
