<?xml version="1.0" encoding="UTF-8"?>
<!-- Generated by org.testng.reporters.JUnitReportReporter -->
<testsuite hostname="LAPTOP-7FB3PP7D" failures="0" tests="2" name="different_Ways_To_Create_JSONFiles.CreateProjectJSONObject_RepositoryTest" time="2.341" errors="0" timestamp="2021-12-09T15:11:31 IST" skipped="0">
  <testcase classname="different_Ways_To_Create_JSONFiles.CreateProjectJSONObject_RepositoryTest" name="createProjectJSONObject_RepositoryTest" time="2.302"/>
  <system-out/>
  <testcase classname="different_Ways_To_Create_JSONFiles.CreateProjectJSONObject_RepositoryTest" name="createProjectJSONObject_RepositoryTest" time="0.039"/>
  <system-out/>
</testsuite> <!-- different_Ways_To_Create_JSONFiles.CreateProjectJSONObject_RepositoryTest -->
