<?xml version="1.0" encoding="UTF-8"?>
<!-- Generated by org.testng.reporters.JUnitReportReporter -->
<testsuite hostname="LAPTOP-7FB3PP7D" failures="0" tests="1" name="different_Ways_To_Create_JSONFiles.CreateProjectJSONFileTest" time="1.327" errors="0" timestamp="2021-12-08T17:30:21 IST" skipped="0">
  <testcase classname="different_Ways_To_Create_JSONFiles.CreateProjectJSONFileTest" name="createProjectJSONFileTest" time="1.327"/>
  <system-out/>
</testsuite> <!-- different_Ways_To_Create_JSONFiles.CreateProjectJSONFileTest -->
