<?xml version="1.0" encoding="UTF-8"?>
<!-- Generated by org.testng.reporters.JUnitReportReporter -->
<testsuite hostname="LAPTOP-7FB3PP7D" failures="0" tests="1" name="checkingResponse.ValidateDynamicResponseTest" time="2.581" errors="0" timestamp="2021-12-09T15:52:52 IST" skipped="0">
  <testcase classname="checkingResponse.ValidateDynamicResponseTest" name="validateDynamicResponseTest" time="2.581"/>
  <system-out/>
</testsuite> <!-- checkingResponse.ValidateDynamicResponseTest -->
