<?xml version="1.0" encoding="UTF-8"?>
<!-- Generated by org.testng.reporters.JUnitReportReporter -->
<testsuite hostname="LAPTOP-7FB3PP7D" failures="0" tests="1" name="crudOperations_With_BDD.CreateProjectTest" time="0.044" errors="0" timestamp="2021-12-16T15:32:45 IST" skipped="0">
  <testcase classname="crudOperations_With_BDD.CreateProjectTest" name="createProjectTest" time="0.044"/>
  <system-out/>
</testsuite> <!-- crudOperations_With_BDD.CreateProjectTest -->
