<?xml version="1.0" encoding="UTF-8"?>
<!-- Generated by org.testng.reporters.JUnitReportReporter -->
<testsuite hostname="LAPTOP-7FB3PP7D" failures="0" tests="2" name="authentication.PreemptiveAndDigestiveTest" time="1.491" errors="0" timestamp="2021-12-11T14:48:59 IST" skipped="0">
  <testcase classname="authentication.PreemptiveAndDigestiveTest" name="preemptiveAuth" time="0.091"/>
  <system-out/>
  <testcase classname="authentication.PreemptiveAndDigestiveTest" name="digestiveAuth" time="1.400"/>
  <system-out/>
</testsuite> <!-- authentication.PreemptiveAndDigestiveTest -->
