<?xml version="1.0" encoding="UTF-8"?>
<!-- Generated by org.testng.reporters.JUnitReportReporter -->
<testsuite hostname="LAPTOP-7FB3PP7D" failures="0" tests="1" name="parameters.GItPathParameterTest" time="2.114" errors="0" timestamp="2021-12-10T15:08:31 IST" skipped="0">
  <testcase classname="parameters.GItPathParameterTest" name="gitPathParameterTest" time="2.114"/>
  <system-out/>
</testsuite> <!-- parameters.GItPathParameterTest -->
