<?xml version="1.0" encoding="UTF-8"?>
<!-- Generated by org.testng.reporters.JUnitReportReporter -->
<testsuite hostname="LAPTOP-7FB3PP7D" failures="0" tests="1" name="parameters.QueryParameterTest" time="2.509" errors="0" timestamp="2021-12-12T12:31:22 IST" skipped="0">
  <testcase classname="parameters.QueryParameterTest" name="queryparameterTest" time="2.509"/>
  <system-out/>
</testsuite> <!-- parameters.QueryParameterTest -->
