<?xml version="1.0" encoding="UTF-8"?>
<!-- Generated by org.testng.reporters.JUnitReportReporter -->
<testsuite hostname="LAPTOP-7FB3PP7D" failures="0" tests="1" name="com.rmgyantra.EndtoEnd.EndToEnd1Test" time="3.475" errors="0" timestamp="2021-12-12T11:21:34 IST" skipped="0">
  <testcase classname="com.rmgyantra.EndtoEnd.EndToEnd1Test" name="endToEnd" time="3.475"/>
  <system-out/>
</testsuite> <!-- com.rmgyantra.EndtoEnd.EndToEnd1Test -->
