<?xml version="1.0" encoding="UTF-8"?>
<!-- Generated by org.testng.reporters.JUnitReportReporter -->
<testsuite hostname="LAPTOP-7FB3PP7D" failures="0" tests="1" name="crudOperations_Without_BDD.GetAllProjectsTest" time="1.165" errors="0" timestamp="07 Dec 2021 10:57:38 GMT" skipped="0">
  <testcase classname="crudOperations_Without_BDD.GetAllProjectsTest" name="getAllprojectsTest" time="1.165"/>
</testsuite> <!-- crudOperations_Without_BDD.GetAllProjectsTest -->
