<?xml version="1.0" encoding="UTF-8"?>
<!-- Generated by org.testng.reporters.JUnitReportReporter -->
<testsuite hostname="LAPTOP-7FB3PP7D" failures="0" tests="1" name="requestChaining.RequestChainingTest" time="1.758" errors="0" timestamp="2021-12-12T12:59:16 IST" skipped="0">
  <testcase classname="requestChaining.RequestChainingTest" name="getToDelete" time="1.758"/>
  <system-out/>
</testsuite> <!-- requestChaining.RequestChainingTest -->
