<?xml version="1.0" encoding="UTF-8"?>
<!-- Generated by org.testng.reporters.JUnitReportReporter -->
<testsuite hostname="LAPTOP-7FB3PP7D" failures="0" tests="1" name="different_Ways_To_Create_JSONFiles.CreateProjectHashMapTest" time="1.454" errors="0" timestamp="2021-12-08T17:20:12 IST" skipped="0">
  <testcase classname="different_Ways_To_Create_JSONFiles.CreateProjectHashMapTest" name="createProjectHashMapTest" time="1.454"/>
  <system-out/>
</testsuite> <!-- different_Ways_To_Create_JSONFiles.CreateProjectHashMapTest -->
