<?xml version="1.0" encoding="UTF-8"?>
<!-- Generated by org.testng.reporters.JUnitReportReporter -->
<testsuite hostname="LAPTOP-7FB3PP7D" failures="0" tests="1" name="com.TestCases.EndToEnd_2_Test" time="1.956" errors="0" timestamp="2021-12-11T14:26:08 IST" skipped="0">
  <testcase classname="com.TestCases.EndToEnd_2_Test" name="endToEndTest" time="1.956"/>
  <system-out/>
</testsuite> <!-- com.TestCases.EndToEnd_2_Test -->
