<?xml version="1.0" encoding="UTF-8"?>
<!-- Generated by org.testng.reporters.JUnitReportReporter -->
<testsuite hostname="LAPTOP-7FB3PP7D" failures="0" tests="1" name="com.TestCases.EndToEnd_3_Test" time="3.031" errors="0" timestamp="2021-12-12T12:20:42 IST" skipped="0">
  <testcase classname="com.TestCases.EndToEnd_3_Test" name="end_To_End" time="3.031"/>
  <system-out/>
</testsuite> <!-- com.TestCases.EndToEnd_3_Test -->
