<?xml version="1.0" encoding="UTF-8"?>
<!-- Generated by org.testng.reporters.JUnitReportReporter -->
<testsuite hostname="LAPTOP-7FB3PP7D" failures="0" tests="1" name="crudOperations_With_BDD.GetProjectTest" time="1.305" errors="0" timestamp="2021-12-10T15:38:05 IST" skipped="0">
  <testcase classname="crudOperations_With_BDD.GetProjectTest" name="getProjectTest" time="1.305"/>
  <system-out/>
</testsuite> <!-- crudOperations_With_BDD.GetProjectTest -->
