<?xml version="1.0" encoding="UTF-8"?>
<!-- Generated by org.testng.reporters.JUnitReportReporter -->
<testsuite hostname="LAPTOP-7FB3PP7D" failures="0" tests="1" name="authentication.PreemptiveTest" time="1.491" errors="0" timestamp="2021-12-12T12:50:11 IST" skipped="0">
  <testcase classname="authentication.PreemptiveTest" name="preemptiveTest" time="1.491"/>
  <system-out/>
</testsuite> <!-- authentication.PreemptiveTest -->
