<?xml version="1.0" encoding="UTF-8"?>
<!-- Generated by org.testng.reporters.JUnitReportReporter -->
<testsuite hostname="LAPTOP-7FB3PP7D" failures="0" tests="1" name="hamcrest.ValidatingResponseTimeTest" time="1.782" errors="0" timestamp="2021-12-10T15:38:35 IST" skipped="0">
  <testcase classname="hamcrest.ValidatingResponseTimeTest" name="validatingResponseTimeTest" time="1.782"/>
  <system-out/>
</testsuite> <!-- hamcrest.ValidatingResponseTimeTest -->
