<?xml version="1.0" encoding="UTF-8"?>
<!-- Generated by org.testng.reporters.JUnitReportReporter -->
<testsuite hostname="LAPTOP-7FB3PP7D" failures="0" tests="1" name="crudOperations_Without_BDD.GetAllProjectsTest" time="1.351" errors="0" timestamp="2021-12-16T16:47:50 IST" skipped="0">
  <testcase classname="crudOperations_Without_BDD.GetAllProjectsTest" name="getAllprojectsTest" time="1.351"/>
  <system-out/>
</testsuite> <!-- crudOperations_Without_BDD.GetAllProjectsTest -->
