<?xml version="1.0" encoding="UTF-8"?>
<!-- Generated by org.testng.reporters.JUnitReportReporter -->
<testsuite hostname="LAPTOP-7FB3PP7D" failures="0" tests="1" name="crudOperations_Without_BDD.UpdateTest" time="1.501" errors="0" timestamp="2021-12-08T15:36:07 IST" skipped="0">
  <testcase classname="crudOperations_Without_BDD.UpdateTest" name="updateTest" time="1.501"/>
  <system-out/>
</testsuite> <!-- crudOperations_Without_BDD.UpdateTest -->
