<?xml version="1.0" encoding="UTF-8"?>
<!-- Generated by org.testng.reporters.JUnitReportReporter -->
<testsuite hostname="LAPTOP-7FB3PP7D" failures="0" tests="1" name="different_Ways_To_Create_JSONFiles.CreateProjectJSONObjectTest" time="1.452" errors="0" timestamp="2021-12-08T17:14:39 IST" skipped="0">
  <testcase classname="different_Ways_To_Create_JSONFiles.CreateProjectJSONObjectTest" name="createProjectJSONObjectTest" time="1.452"/>
  <system-out/>
</testsuite> <!-- different_Ways_To_Create_JSONFiles.CreateProjectJSONObjectTest -->
