<?xml version="1.0" encoding="UTF-8"?>
<!-- Generated by org.testng.reporters.JUnitReportReporter -->
<testsuite hostname="LAPTOP-7FB3PP7D" failures="0" tests="2" name="com.TestCases.EndToEndTest" time="2.062" errors="0" timestamp="2021-12-11T14:04:50 IST" skipped="0">
  <testcase classname="com.TestCases.EndToEndTest" name="connectToDB" time="0.177"/>
  <system-out/>
  <testcase classname="com.TestCases.EndToEndTest" name="endToEndTest" time="1.885"/>
  <system-out/>
</testsuite> <!-- com.TestCases.EndToEndTest -->
