<?xml version="1.0" encoding="UTF-8"?>
<!-- Generated by org.testng.reporters.JUnitReportReporter -->
<testsuite hostname="LAPTOP-7FB3PP7D" failures="0" tests="1" name="different_Ways_To_Create_JSONFiles.CreateProjectJSONObject_Pojo_Test" time="1.541" errors="0" timestamp="2021-12-08T18:08:05 IST" skipped="0">
  <testcase classname="different_Ways_To_Create_JSONFiles.CreateProjectJSONObject_Pojo_Test" name="createProjectJSONObject_Pojo_Test" time="1.541"/>
  <system-out/>
</testsuite> <!-- different_Ways_To_Create_JSONFiles.CreateProjectJSONObject_Pojo_Test -->
