<?xml version="1.0" encoding="UTF-8"?>
<!-- Generated by org.testng.reporters.JUnitReportReporter -->
<testsuite hostname="LAPTOP-7FB3PP7D" failures="0" tests="1" name="authentication.BasicAuthTest" time="1.384" errors="0" timestamp="2021-12-10T15:53:47 IST" skipped="0">
  <testcase classname="authentication.BasicAuthTest" name="basicAuthTest" time="1.384"/>
  <system-out/>
</testsuite> <!-- authentication.BasicAuthTest -->
