<?xml version="1.0" encoding="UTF-8"?>
<!-- Generated by org.testng.reporters.JUnitReportReporter -->
<testsuite hostname="LAPTOP-7FB3PP7D" failures="0" tests="1" name="authentication.BarearTokenTest" time="2.280" errors="0" timestamp="2021-12-10T16:01:02 IST" skipped="0">
  <testcase classname="authentication.BarearTokenTest" name="barearTokenTest" time="2.280"/>
  <system-out/>
</testsuite> <!-- authentication.BarearTokenTest -->
