<?xml version="1.0" encoding="UTF-8"?>
<!-- Generated by org.testng.reporters.JUnitReportReporter -->
<testsuite hostname="LAPTOP-7FB3PP7D" failures="0" tests="1" name="parameters.PathParameterTest" time="1.315" errors="0" timestamp="2021-12-09T16:29:10 IST" skipped="0">
  <testcase classname="parameters.PathParameterTest" name="pathParameterTest" time="1.315"/>
  <system-out/>
</testsuite> <!-- parameters.PathParameterTest -->
